This file contains any messages produced by compilers while
running configure, to aid debugging if configure makes a mistake.

It was created by rserver configure 1.1, which was
generated by GNU Autoconf 2.69.  Invocation command line was

  $ ./configure 

## --------- ##
## Platform. ##
## --------- ##

hostname = runnet110
uname -m = x86_64
uname -r = 4.0.5-300.fc22.x86_64
uname -s = Linux
uname -v = #1 SMP Mon Jun 8 16:15:26 UTC 2015

/usr/bin/uname -p = x86_64
/bin/uname -X     = unknown

/bin/arch              = x86_64
/usr/bin/arch -k       = unknown
/usr/convex/getsysinfo = unknown
/usr/bin/hostinfo      = unknown
/bin/machine           = unknown
/usr/bin/oslevel       = unknown
/bin/universe          = unknown

PATH: /usr/local/bin
PATH: /usr/bin
PATH: /usr/local/sbin
PATH: /usr/sbin
PATH: /home/zlei/.local/bin
PATH: /home/zlei/bin


## ----------- ##
## Core tests. ##
## ----------- ##

configure:2424: checking for a BSD-compatible install
configure:2492: result: /usr/bin/install -c
configure:2503: checking whether build environment is sane
configure:2558: result: yes
configure:2709: checking for a thread-safe mkdir -p
configure:2748: result: /usr/bin/mkdir -p
configure:2755: checking for gawk
configure:2771: found /usr/bin/gawk
configure:2782: result: gawk
configure:2793: checking whether make sets $(MAKE)
configure:2815: result: yes
configure:2844: checking whether make supports nested variables
configure:2861: result: yes
configure:3037: checking for gcc
configure:3053: found /usr/bin/gcc
configure:3064: result: gcc
configure:3293: checking for C compiler version
configure:3302: gcc --version >&5
gcc (GCC) 5.1.1 20150618 (Red Hat 5.1.1-4)
Copyright (C) 2015 Free Software Foundation, Inc.
This is free software; see the source for copying conditions.  There is NO
warranty; not even for MERCHANTABILITY or FITNESS FOR A PARTICULAR PURPOSE.

configure:3313: $? = 0
configure:3302: gcc -v >&5
Using built-in specs.
COLLECT_GCC=gcc
COLLECT_LTO_WRAPPER=/usr/libexec/gcc/x86_64-redhat-linux/5.1.1/lto-wrapper
Target: x86_64-redhat-linux
Configured with: ../configure --enable-bootstrap --enable-languages=c,c++,objc,obj-c++,fortran,ada,go,lto --prefix=/usr --mandir=/usr/share/man --infodir=/usr/share/info --with-bugurl=http://bugzilla.redhat.com/bugzilla --enable-shared --enable-threads=posix --enable-checking=release --enable-multilib --with-system-zlib --enable-__cxa_atexit --disable-libunwind-exceptions --enable-gnu-unique-object --enable-linker-build-id --with-linker-hash-style=gnu --enable-plugin --enable-initfini-array --disable-libgcj --with-default-libstdcxx-abi=c++98 --with-isl --enable-libmpx --enable-gnu-indirect-function --with-tune=generic --with-arch_32=i686 --build=x86_64-redhat-linux
Thread model: posix
gcc version 5.1.1 20150618 (Red Hat 5.1.1-4) (GCC) 
configure:3313: $? = 0
configure:3302: gcc -V >&5
gcc: error: unrecognized command line option '-V'
gcc: fatal error: no input files
compilation terminated.
configure:3313: $? = 1
configure:3302: gcc -qversion >&5
gcc: error: unrecognized command line option '-qversion'
gcc: fatal error: no input files
compilation terminated.
configure:3313: $? = 1
configure:3333: checking whether the C compiler works
configure:3355: gcc    conftest.c  >&5
configure:3359: $? = 0
configure:3407: result: yes
configure:3410: checking for C compiler default output file name
configure:3412: result: a.out
configure:3418: checking for suffix of executables
configure:3425: gcc -o conftest    conftest.c  >&5
configure:3429: $? = 0
configure:3451: result: 
configure:3473: checking whether we are cross compiling
configure:3481: gcc -o conftest    conftest.c  >&5
configure:3485: $? = 0
configure:3492: ./conftest
configure:3496: $? = 0
configure:3511: result: no
configure:3516: checking for suffix of object files
configure:3538: gcc -c   conftest.c >&5
configure:3542: $? = 0
configure:3563: result: o
configure:3567: checking whether we are using the GNU C compiler
configure:3586: gcc -c   conftest.c >&5
configure:3586: $? = 0
configure:3595: result: yes
configure:3604: checking whether gcc accepts -g
configure:3624: gcc -c -g  conftest.c >&5
configure:3624: $? = 0
configure:3665: result: yes
configure:3682: checking for gcc option to accept ISO C89
configure:3745: gcc  -c -g -O2  conftest.c >&5
configure:3745: $? = 0
configure:3758: result: none needed
configure:3783: checking whether gcc understands -c and -o together
configure:3805: gcc -c conftest.c -o conftest2.o
configure:3808: $? = 0
configure:3805: gcc -c conftest.c -o conftest2.o
configure:3808: $? = 0
configure:3820: result: yes
configure:3848: checking for style of include used by make
configure:3876: result: GNU
configure:3902: checking dependency style of gcc
configure:4013: result: gcc3
configure:4033: checking for gawk
configure:4060: result: gawk
configure:4076: checking how to run the C preprocessor
configure:4107: gcc -E  conftest.c
configure:4107: $? = 0
configure:4121: gcc -E  conftest.c
conftest.c:11:28: fatal error: ac_nonexistent.h: No such file or directory
compilation terminated.
configure:4121: $? = 1
configure: failed program was:
| /* confdefs.h */
| #define PACKAGE_NAME "rserver"
| #define PACKAGE_TARNAME "rserver"
| #define PACKAGE_VERSION "1.1"
| #define PACKAGE_STRING "rserver 1.1"
| #define PACKAGE_BUGREPORT "leizhifesker@gmail.com"
| #define PACKAGE_URL ""
| #define PACKAGE "rserver"
| #define VERSION "1.1"
| /* end confdefs.h.  */
| #include <ac_nonexistent.h>
configure:4146: result: gcc -E
configure:4166: gcc -E  conftest.c
configure:4166: $? = 0
configure:4180: gcc -E  conftest.c
conftest.c:11:28: fatal error: ac_nonexistent.h: No such file or directory
compilation terminated.
configure:4180: $? = 1
configure: failed program was:
| /* confdefs.h */
| #define PACKAGE_NAME "rserver"
| #define PACKAGE_TARNAME "rserver"
| #define PACKAGE_VERSION "1.1"
| #define PACKAGE_STRING "rserver 1.1"
| #define PACKAGE_BUGREPORT "leizhifesker@gmail.com"
| #define PACKAGE_URL ""
| #define PACKAGE "rserver"
| #define VERSION "1.1"
| /* end confdefs.h.  */
| #include <ac_nonexistent.h>
configure:4266: checking for g++
configure:4282: found /usr/bin/g++
configure:4293: result: g++
configure:4320: checking for C++ compiler version
configure:4329: g++ --version >&5
g++ (GCC) 5.1.1 20150618 (Red Hat 5.1.1-4)
Copyright (C) 2015 Free Software Foundation, Inc.
This is free software; see the source for copying conditions.  There is NO
warranty; not even for MERCHANTABILITY or FITNESS FOR A PARTICULAR PURPOSE.

configure:4340: $? = 0
configure:4329: g++ -v >&5
Using built-in specs.
COLLECT_GCC=g++
COLLECT_LTO_WRAPPER=/usr/libexec/gcc/x86_64-redhat-linux/5.1.1/lto-wrapper
Target: x86_64-redhat-linux
Configured with: ../configure --enable-bootstrap --enable-languages=c,c++,objc,obj-c++,fortran,ada,go,lto --prefix=/usr --mandir=/usr/share/man --infodir=/usr/share/info --with-bugurl=http://bugzilla.redhat.com/bugzilla --enable-shared --enable-threads=posix --enable-checking=release --enable-multilib --with-system-zlib --enable-__cxa_atexit --disable-libunwind-exceptions --enable-gnu-unique-object --enable-linker-build-id --with-linker-hash-style=gnu --enable-plugin --enable-initfini-array --disable-libgcj --with-default-libstdcxx-abi=c++98 --with-isl --enable-libmpx --enable-gnu-indirect-function --with-tune=generic --with-arch_32=i686 --build=x86_64-redhat-linux
Thread model: posix
gcc version 5.1.1 20150618 (Red Hat 5.1.1-4) (GCC) 
configure:4340: $? = 0
configure:4329: g++ -V >&5
g++: error: unrecognized command line option '-V'
g++: fatal error: no input files
compilation terminated.
configure:4340: $? = 1
configure:4329: g++ -qversion >&5
g++: error: unrecognized command line option '-qversion'
g++: fatal error: no input files
compilation terminated.
configure:4340: $? = 1
configure:4344: checking whether we are using the GNU C++ compiler
configure:4363: g++ -c   conftest.cpp >&5
configure:4363: $? = 0
configure:4372: result: yes
configure:4381: checking whether g++ accepts -g
configure:4401: g++ -c -g  conftest.cpp >&5
configure:4401: $? = 0
configure:4442: result: yes
configure:4467: checking dependency style of g++
configure:4578: result: gcc3
configure:4598: checking for main in -lmysqlclient
configure:4617: gcc -o conftest -g -O2   conftest.c -lmysqlclient   >&5
/usr/bin/ld: cannot find -lmysqlclient
collect2: error: ld returned 1 exit status
configure:4617: $? = 1
configure: failed program was:
| /* confdefs.h */
| #define PACKAGE_NAME "rserver"
| #define PACKAGE_TARNAME "rserver"
| #define PACKAGE_VERSION "1.1"
| #define PACKAGE_STRING "rserver 1.1"
| #define PACKAGE_BUGREPORT "leizhifesker@gmail.com"
| #define PACKAGE_URL ""
| #define PACKAGE "rserver"
| #define VERSION "1.1"
| /* end confdefs.h.  */
| 
| 
| int
| main ()
| {
| return main ();
|   ;
|   return 0;
| }
configure:4626: result: no
configure:4638: checking for main in -lpthread
configure:4657: gcc -o conftest -g -O2   conftest.c -lpthread   >&5
configure:4657: $? = 0
configure:4666: result: yes
configure:4680: checking for grep that handles long lines and -e
configure:4738: result: /usr/bin/grep
configure:4743: checking for egrep
configure:4805: result: /usr/bin/grep -E
configure:4810: checking for ANSI C header files
configure:4830: gcc -c -g -O2  conftest.c >&5
configure:4830: $? = 0
configure:4903: gcc -o conftest -g -O2   conftest.c -lpthread  >&5
configure:4903: $? = 0
configure:4903: ./conftest
configure:4903: $? = 0
configure:4914: result: yes
configure:4927: checking for sys/types.h
configure:4927: gcc -c -g -O2  conftest.c >&5
configure:4927: $? = 0
configure:4927: result: yes
configure:4927: checking for sys/stat.h
configure:4927: gcc -c -g -O2  conftest.c >&5
configure:4927: $? = 0
configure:4927: result: yes
configure:4927: checking for stdlib.h
configure:4927: gcc -c -g -O2  conftest.c >&5
configure:4927: $? = 0
configure:4927: result: yes
configure:4927: checking for string.h
configure:4927: gcc -c -g -O2  conftest.c >&5
configure:4927: $? = 0
configure:4927: result: yes
configure:4927: checking for memory.h
configure:4927: gcc -c -g -O2  conftest.c >&5
configure:4927: $? = 0
configure:4927: result: yes
configure:4927: checking for strings.h
configure:4927: gcc -c -g -O2  conftest.c >&5
configure:4927: $? = 0
configure:4927: result: yes
configure:4927: checking for inttypes.h
configure:4927: gcc -c -g -O2  conftest.c >&5
configure:4927: $? = 0
configure:4927: result: yes
configure:4927: checking for stdint.h
configure:4927: gcc -c -g -O2  conftest.c >&5
configure:4927: $? = 0
configure:4927: result: yes
configure:4927: checking for unistd.h
configure:4927: gcc -c -g -O2  conftest.c >&5
configure:4927: $? = 0
configure:4927: result: yes
configure:4942: checking arpa/inet.h usability
configure:4942: gcc -c -g -O2  conftest.c >&5
configure:4942: $? = 0
configure:4942: result: yes
configure:4942: checking arpa/inet.h presence
configure:4942: gcc -E  conftest.c
configure:4942: $? = 0
configure:4942: result: yes
configure:4942: checking for arpa/inet.h
configure:4942: result: yes
configure:4942: checking netdb.h usability
configure:4942: gcc -c -g -O2  conftest.c >&5
configure:4942: $? = 0
configure:4942: result: yes
configure:4942: checking netdb.h presence
configure:4942: gcc -E  conftest.c
configure:4942: $? = 0
configure:4942: result: yes
configure:4942: checking for netdb.h
configure:4942: result: yes
configure:4942: checking netinet/in.h usability
configure:4942: gcc -c -g -O2  conftest.c >&5
configure:4942: $? = 0
configure:4942: result: yes
configure:4942: checking netinet/in.h presence
configure:4942: gcc -E  conftest.c
configure:4942: $? = 0
configure:4942: result: yes
configure:4942: checking for netinet/in.h
configure:4942: result: yes
configure:4942: checking for stdlib.h
configure:4942: result: yes
configure:4942: checking for string.h
configure:4942: result: yes
configure:4942: checking sys/ioctl.h usability
configure:4942: gcc -c -g -O2  conftest.c >&5
configure:4942: $? = 0
configure:4942: result: yes
configure:4942: checking sys/ioctl.h presence
configure:4942: gcc -E  conftest.c
configure:4942: $? = 0
configure:4942: result: yes
configure:4942: checking for sys/ioctl.h
configure:4942: result: yes
configure:4942: checking sys/socket.h usability
configure:4942: gcc -c -g -O2  conftest.c >&5
configure:4942: $? = 0
configure:4942: result: yes
configure:4942: checking sys/socket.h presence
configure:4942: gcc -E  conftest.c
configure:4942: $? = 0
configure:4942: result: yes
configure:4942: checking for sys/socket.h
configure:4942: result: yes
configure:4942: checking for unistd.h
configure:4942: result: yes
configure:4954: checking for stdbool.h that conforms to C99
configure:5021: gcc -c -g -O2  conftest.c >&5
configure:5021: $? = 0
configure:5028: result: yes
configure:5030: checking for _Bool
configure:5030: gcc -c -g -O2  conftest.c >&5
configure:5030: $? = 0
configure:5030: gcc -c -g -O2  conftest.c >&5
conftest.c: In function 'main':
conftest.c:66:20: error: expected expression before ')' token
 if (sizeof ((_Bool)))
                    ^
configure:5030: $? = 1
configure: failed program was:
| /* confdefs.h */
| #define PACKAGE_NAME "rserver"
| #define PACKAGE_TARNAME "rserver"
| #define PACKAGE_VERSION "1.1"
| #define PACKAGE_STRING "rserver 1.1"
| #define PACKAGE_BUGREPORT "leizhifesker@gmail.com"
| #define PACKAGE_URL ""
| #define PACKAGE "rserver"
| #define VERSION "1.1"
| #define HAVE_LIBPTHREAD 1
| #define STDC_HEADERS 1
| #define HAVE_SYS_TYPES_H 1
| #define HAVE_SYS_STAT_H 1
| #define HAVE_STDLIB_H 1
| #define HAVE_STRING_H 1
| #define HAVE_MEMORY_H 1
| #define HAVE_STRINGS_H 1
| #define HAVE_INTTYPES_H 1
| #define HAVE_STDINT_H 1
| #define HAVE_UNISTD_H 1
| #define HAVE_ARPA_INET_H 1
| #define HAVE_NETDB_H 1
| #define HAVE_NETINET_IN_H 1
| #define HAVE_STDLIB_H 1
| #define HAVE_STRING_H 1
| #define HAVE_SYS_IOCTL_H 1
| #define HAVE_SYS_SOCKET_H 1
| #define HAVE_UNISTD_H 1
| /* end confdefs.h.  */
| #include <stdio.h>
| #ifdef HAVE_SYS_TYPES_H
| # include <sys/types.h>
| #endif
| #ifdef HAVE_SYS_STAT_H
| # include <sys/stat.h>
| #endif
| #ifdef STDC_HEADERS
| # include <stdlib.h>
| # include <stddef.h>
| #else
| # ifdef HAVE_STDLIB_H
| #  include <stdlib.h>
| # endif
| #endif
| #ifdef HAVE_STRING_H
| # if !defined STDC_HEADERS && defined HAVE_MEMORY_H
| #  include <memory.h>
| # endif
| # include <string.h>
| #endif
| #ifdef HAVE_STRINGS_H
| # include <strings.h>
| #endif
| #ifdef HAVE_INTTYPES_H
| # include <inttypes.h>
| #endif
| #ifdef HAVE_STDINT_H
| # include <stdint.h>
| #endif
| #ifdef HAVE_UNISTD_H
| # include <unistd.h>
| #endif
| int
| main ()
| {
| if (sizeof ((_Bool)))
| 	    return 0;
|   ;
|   return 0;
| }
configure:5030: result: yes
configure:5041: checking for int16_t
configure:5041: gcc -c -g -O2  conftest.c >&5
configure:5041: $? = 0
configure:5041: gcc -c -g -O2  conftest.c >&5
conftest.c: In function 'main':
conftest.c:68:12: error: size of array 'test_array' is negative
 static int test_array [1 - 2 * !((int16_t) (((((int16_t) 1 << N) << N) - 1) * 2 + 1)
            ^
configure:5041: $? = 1
configure: failed program was:
| /* confdefs.h */
| #define PACKAGE_NAME "rserver"
| #define PACKAGE_TARNAME "rserver"
| #define PACKAGE_VERSION "1.1"
| #define PACKAGE_STRING "rserver 1.1"
| #define PACKAGE_BUGREPORT "leizhifesker@gmail.com"
| #define PACKAGE_URL ""
| #define PACKAGE "rserver"
| #define VERSION "1.1"
| #define HAVE_LIBPTHREAD 1
| #define STDC_HEADERS 1
| #define HAVE_SYS_TYPES_H 1
| #define HAVE_SYS_STAT_H 1
| #define HAVE_STDLIB_H 1
| #define HAVE_STRING_H 1
| #define HAVE_MEMORY_H 1
| #define HAVE_STRINGS_H 1
| #define HAVE_INTTYPES_H 1
| #define HAVE_STDINT_H 1
| #define HAVE_UNISTD_H 1
| #define HAVE_ARPA_INET_H 1
| #define HAVE_NETDB_H 1
| #define HAVE_NETINET_IN_H 1
| #define HAVE_STDLIB_H 1
| #define HAVE_STRING_H 1
| #define HAVE_SYS_IOCTL_H 1
| #define HAVE_SYS_SOCKET_H 1
| #define HAVE_UNISTD_H 1
| #define HAVE__BOOL 1
| /* end confdefs.h.  */
| #include <stdio.h>
| #ifdef HAVE_SYS_TYPES_H
| # include <sys/types.h>
| #endif
| #ifdef HAVE_SYS_STAT_H
| # include <sys/stat.h>
| #endif
| #ifdef STDC_HEADERS
| # include <stdlib.h>
| # include <stddef.h>
| #else
| # ifdef HAVE_STDLIB_H
| #  include <stdlib.h>
| # endif
| #endif
| #ifdef HAVE_STRING_H
| # if !defined STDC_HEADERS && defined HAVE_MEMORY_H
| #  include <memory.h>
| # endif
| # include <string.h>
| #endif
| #ifdef HAVE_STRINGS_H
| # include <strings.h>
| #endif
| #ifdef HAVE_INTTYPES_H
| # include <inttypes.h>
| #endif
| #ifdef HAVE_STDINT_H
| # include <stdint.h>
| #endif
| #ifdef HAVE_UNISTD_H
| # include <unistd.h>
| #endif
| 	        enum { N = 16 / 2 - 1 };
| int
| main ()
| {
| static int test_array [1 - 2 * !((int16_t) (((((int16_t) 1 << N) << N) - 1) * 2 + 1)
| 		 < (int16_t) (((((int16_t) 1 << N) << N) - 1) * 2 + 2))];
| test_array [0] = 0;
| return test_array [0];
| 
|   ;
|   return 0;
| }
configure:5041: result: yes
configure:5052: checking for int32_t
configure:5052: gcc -c -g -O2  conftest.c >&5
configure:5052: $? = 0
configure:5052: gcc -c -g -O2  conftest.c >&5
conftest.c: In function 'main':
conftest.c:69:53: warning: integer overflow in expression [-Woverflow]
    < (int32_t) (((((int32_t) 1 << N) << N) - 1) * 2 + 2))];
                                                     ^
conftest.c:68:12: error: storage size of 'test_array' isn't constant
 static int test_array [1 - 2 * !((int32_t) (((((int32_t) 1 << N) << N) - 1) * 2 + 1)
            ^
configure:5052: $? = 1
configure: failed program was:
| /* confdefs.h */
| #define PACKAGE_NAME "rserver"
| #define PACKAGE_TARNAME "rserver"
| #define PACKAGE_VERSION "1.1"
| #define PACKAGE_STRING "rserver 1.1"
| #define PACKAGE_BUGREPORT "leizhifesker@gmail.com"
| #define PACKAGE_URL ""
| #define PACKAGE "rserver"
| #define VERSION "1.1"
| #define HAVE_LIBPTHREAD 1
| #define STDC_HEADERS 1
| #define HAVE_SYS_TYPES_H 1
| #define HAVE_SYS_STAT_H 1
| #define HAVE_STDLIB_H 1
| #define HAVE_STRING_H 1
| #define HAVE_MEMORY_H 1
| #define HAVE_STRINGS_H 1
| #define HAVE_INTTYPES_H 1
| #define HAVE_STDINT_H 1
| #define HAVE_UNISTD_H 1
| #define HAVE_ARPA_INET_H 1
| #define HAVE_NETDB_H 1
| #define HAVE_NETINET_IN_H 1
| #define HAVE_STDLIB_H 1
| #define HAVE_STRING_H 1
| #define HAVE_SYS_IOCTL_H 1
| #define HAVE_SYS_SOCKET_H 1
| #define HAVE_UNISTD_H 1
| #define HAVE__BOOL 1
| /* end confdefs.h.  */
| #include <stdio.h>
| #ifdef HAVE_SYS_TYPES_H
| # include <sys/types.h>
| #endif
| #ifdef HAVE_SYS_STAT_H
| # include <sys/stat.h>
| #endif
| #ifdef STDC_HEADERS
| # include <stdlib.h>
| # include <stddef.h>
| #else
| # ifdef HAVE_STDLIB_H
| #  include <stdlib.h>
| # endif
| #endif
| #ifdef HAVE_STRING_H
| # if !defined STDC_HEADERS && defined HAVE_MEMORY_H
| #  include <memory.h>
| # endif
| # include <string.h>
| #endif
| #ifdef HAVE_STRINGS_H
| # include <strings.h>
| #endif
| #ifdef HAVE_INTTYPES_H
| # include <inttypes.h>
| #endif
| #ifdef HAVE_STDINT_H
| # include <stdint.h>
| #endif
| #ifdef HAVE_UNISTD_H
| # include <unistd.h>
| #endif
| 	        enum { N = 32 / 2 - 1 };
| int
| main ()
| {
| static int test_array [1 - 2 * !((int32_t) (((((int32_t) 1 << N) << N) - 1) * 2 + 1)
| 		 < (int32_t) (((((int32_t) 1 << N) << N) - 1) * 2 + 2))];
| test_array [0] = 0;
| return test_array [0];
| 
|   ;
|   return 0;
| }
configure:5052: result: yes
configure:5063: checking for int64_t
configure:5063: gcc -c -g -O2  conftest.c >&5
configure:5063: $? = 0
configure:5063: gcc -c -g -O2  conftest.c >&5
conftest.c: In function 'main':
conftest.c:69:53: warning: integer overflow in expression [-Woverflow]
    < (int64_t) (((((int64_t) 1 << N) << N) - 1) * 2 + 2))];
                                                     ^
conftest.c:68:12: error: storage size of 'test_array' isn't constant
 static int test_array [1 - 2 * !((int64_t) (((((int64_t) 1 << N) << N) - 1) * 2 + 1)
            ^
configure:5063: $? = 1
configure: failed program was:
| /* confdefs.h */
| #define PACKAGE_NAME "rserver"
| #define PACKAGE_TARNAME "rserver"
| #define PACKAGE_VERSION "1.1"
| #define PACKAGE_STRING "rserver 1.1"
| #define PACKAGE_BUGREPORT "leizhifesker@gmail.com"
| #define PACKAGE_URL ""
| #define PACKAGE "rserver"
| #define VERSION "1.1"
| #define HAVE_LIBPTHREAD 1
| #define STDC_HEADERS 1
| #define HAVE_SYS_TYPES_H 1
| #define HAVE_SYS_STAT_H 1
| #define HAVE_STDLIB_H 1
| #define HAVE_STRING_H 1
| #define HAVE_MEMORY_H 1
| #define HAVE_STRINGS_H 1
| #define HAVE_INTTYPES_H 1
| #define HAVE_STDINT_H 1
| #define HAVE_UNISTD_H 1
| #define HAVE_ARPA_INET_H 1
| #define HAVE_NETDB_H 1
| #define HAVE_NETINET_IN_H 1
| #define HAVE_STDLIB_H 1
| #define HAVE_STRING_H 1
| #define HAVE_SYS_IOCTL_H 1
| #define HAVE_SYS_SOCKET_H 1
| #define HAVE_UNISTD_H 1
| #define HAVE__BOOL 1
| /* end confdefs.h.  */
| #include <stdio.h>
| #ifdef HAVE_SYS_TYPES_H
| # include <sys/types.h>
| #endif
| #ifdef HAVE_SYS_STAT_H
| # include <sys/stat.h>
| #endif
| #ifdef STDC_HEADERS
| # include <stdlib.h>
| # include <stddef.h>
| #else
| # ifdef HAVE_STDLIB_H
| #  include <stdlib.h>
| # endif
| #endif
| #ifdef HAVE_STRING_H
| # if !defined STDC_HEADERS && defined HAVE_MEMORY_H
| #  include <memory.h>
| # endif
| # include <string.h>
| #endif
| #ifdef HAVE_STRINGS_H
| # include <strings.h>
| #endif
| #ifdef HAVE_INTTYPES_H
| # include <inttypes.h>
| #endif
| #ifdef HAVE_STDINT_H
| # include <stdint.h>
| #endif
| #ifdef HAVE_UNISTD_H
| # include <unistd.h>
| #endif
| 	        enum { N = 64 / 2 - 1 };
| int
| main ()
| {
| static int test_array [1 - 2 * !((int64_t) (((((int64_t) 1 << N) << N) - 1) * 2 + 1)
| 		 < (int64_t) (((((int64_t) 1 << N) << N) - 1) * 2 + 2))];
| test_array [0] = 0;
| return test_array [0];
| 
|   ;
|   return 0;
| }
configure:5063: result: yes
configure:5074: checking for int8_t
configure:5074: gcc -c -g -O2  conftest.c >&5
configure:5074: $? = 0
configure:5074: gcc -c -g -O2  conftest.c >&5
conftest.c: In function 'main':
conftest.c:68:12: error: size of array 'test_array' is negative
 static int test_array [1 - 2 * !((int8_t) (((((int8_t) 1 << N) << N) - 1) * 2 + 1)
            ^
configure:5074: $? = 1
configure: failed program was:
| /* confdefs.h */
| #define PACKAGE_NAME "rserver"
| #define PACKAGE_TARNAME "rserver"
| #define PACKAGE_VERSION "1.1"
| #define PACKAGE_STRING "rserver 1.1"
| #define PACKAGE_BUGREPORT "leizhifesker@gmail.com"
| #define PACKAGE_URL ""
| #define PACKAGE "rserver"
| #define VERSION "1.1"
| #define HAVE_LIBPTHREAD 1
| #define STDC_HEADERS 1
| #define HAVE_SYS_TYPES_H 1
| #define HAVE_SYS_STAT_H 1
| #define HAVE_STDLIB_H 1
| #define HAVE_STRING_H 1
| #define HAVE_MEMORY_H 1
| #define HAVE_STRINGS_H 1
| #define HAVE_INTTYPES_H 1
| #define HAVE_STDINT_H 1
| #define HAVE_UNISTD_H 1
| #define HAVE_ARPA_INET_H 1
| #define HAVE_NETDB_H 1
| #define HAVE_NETINET_IN_H 1
| #define HAVE_STDLIB_H 1
| #define HAVE_STRING_H 1
| #define HAVE_SYS_IOCTL_H 1
| #define HAVE_SYS_SOCKET_H 1
| #define HAVE_UNISTD_H 1
| #define HAVE__BOOL 1
| /* end confdefs.h.  */
| #include <stdio.h>
| #ifdef HAVE_SYS_TYPES_H
| # include <sys/types.h>
| #endif
| #ifdef HAVE_SYS_STAT_H
| # include <sys/stat.h>
| #endif
| #ifdef STDC_HEADERS
| # include <stdlib.h>
| # include <stddef.h>
| #else
| # ifdef HAVE_STDLIB_H
| #  include <stdlib.h>
| # endif
| #endif
| #ifdef HAVE_STRING_H
| # if !defined STDC_HEADERS && defined HAVE_MEMORY_H
| #  include <memory.h>
| # endif
| # include <string.h>
| #endif
| #ifdef HAVE_STRINGS_H
| # include <strings.h>
| #endif
| #ifdef HAVE_INTTYPES_H
| # include <inttypes.h>
| #endif
| #ifdef HAVE_STDINT_H
| # include <stdint.h>
| #endif
| #ifdef HAVE_UNISTD_H
| # include <unistd.h>
| #endif
| 	        enum { N = 8 / 2 - 1 };
| int
| main ()
| {
| static int test_array [1 - 2 * !((int8_t) (((((int8_t) 1 << N) << N) - 1) * 2 + 1)
| 		 < (int8_t) (((((int8_t) 1 << N) << N) - 1) * 2 + 2))];
| test_array [0] = 0;
| return test_array [0];
| 
|   ;
|   return 0;
| }
configure:5074: result: yes
configure:5085: checking for size_t
configure:5085: gcc -c -g -O2  conftest.c >&5
configure:5085: $? = 0
configure:5085: gcc -c -g -O2  conftest.c >&5
conftest.c: In function 'main':
conftest.c:67:21: error: expected expression before ')' token
 if (sizeof ((size_t)))
                     ^
configure:5085: $? = 1
configure: failed program was:
| /* confdefs.h */
| #define PACKAGE_NAME "rserver"
| #define PACKAGE_TARNAME "rserver"
| #define PACKAGE_VERSION "1.1"
| #define PACKAGE_STRING "rserver 1.1"
| #define PACKAGE_BUGREPORT "leizhifesker@gmail.com"
| #define PACKAGE_URL ""
| #define PACKAGE "rserver"
| #define VERSION "1.1"
| #define HAVE_LIBPTHREAD 1
| #define STDC_HEADERS 1
| #define HAVE_SYS_TYPES_H 1
| #define HAVE_SYS_STAT_H 1
| #define HAVE_STDLIB_H 1
| #define HAVE_STRING_H 1
| #define HAVE_MEMORY_H 1
| #define HAVE_STRINGS_H 1
| #define HAVE_INTTYPES_H 1
| #define HAVE_STDINT_H 1
| #define HAVE_UNISTD_H 1
| #define HAVE_ARPA_INET_H 1
| #define HAVE_NETDB_H 1
| #define HAVE_NETINET_IN_H 1
| #define HAVE_STDLIB_H 1
| #define HAVE_STRING_H 1
| #define HAVE_SYS_IOCTL_H 1
| #define HAVE_SYS_SOCKET_H 1
| #define HAVE_UNISTD_H 1
| #define HAVE__BOOL 1
| /* end confdefs.h.  */
| #include <stdio.h>
| #ifdef HAVE_SYS_TYPES_H
| # include <sys/types.h>
| #endif
| #ifdef HAVE_SYS_STAT_H
| # include <sys/stat.h>
| #endif
| #ifdef STDC_HEADERS
| # include <stdlib.h>
| # include <stddef.h>
| #else
| # ifdef HAVE_STDLIB_H
| #  include <stdlib.h>
| # endif
| #endif
| #ifdef HAVE_STRING_H
| # if !defined STDC_HEADERS && defined HAVE_MEMORY_H
| #  include <memory.h>
| # endif
| # include <string.h>
| #endif
| #ifdef HAVE_STRINGS_H
| # include <strings.h>
| #endif
| #ifdef HAVE_INTTYPES_H
| # include <inttypes.h>
| #endif
| #ifdef HAVE_STDINT_H
| # include <stdint.h>
| #endif
| #ifdef HAVE_UNISTD_H
| # include <unistd.h>
| #endif
| int
| main ()
| {
| if (sizeof ((size_t)))
| 	    return 0;
|   ;
|   return 0;
| }
configure:5085: result: yes
configure:5096: checking for uint16_t
configure:5096: gcc -c -g -O2  conftest.c >&5
configure:5096: $? = 0
configure:5096: result: yes
configure:5108: checking for uint32_t
configure:5108: gcc -c -g -O2  conftest.c >&5
configure:5108: $? = 0
configure:5108: result: yes
configure:5122: checking for uint64_t
configure:5122: gcc -c -g -O2  conftest.c >&5
configure:5122: $? = 0
configure:5122: result: yes
configure:5136: checking for uint8_t
configure:5136: gcc -c -g -O2  conftest.c >&5
configure:5136: $? = 0
configure:5136: result: yes
configure:5154: checking for stdlib.h
configure:5154: result: yes
configure:5164: checking for GNU libc compatible malloc
configure:5188: gcc -o conftest -g -O2   conftest.c -lpthread  >&5
configure:5188: $? = 0
configure:5188: ./conftest
configure:5188: $? = 0
configure:5198: result: yes
configure:5222: checking for bzero
configure:5222: gcc -o conftest -g -O2   conftest.c -lpthread  >&5
conftest.c:56:6: warning: conflicting types for built-in function 'bzero'
 char bzero ();
      ^
configure:5222: $? = 0
configure:5222: result: yes
configure:5222: checking for memset
configure:5222: gcc -o conftest -g -O2   conftest.c -lpthread  >&5
conftest.c:57:6: warning: conflicting types for built-in function 'memset'
 char memset ();
      ^
configure:5222: $? = 0
configure:5222: result: yes
configure:5222: checking for mkdir
configure:5222: gcc -o conftest -g -O2   conftest.c -lpthread  >&5
configure:5222: $? = 0
configure:5222: result: yes
configure:5222: checking for socket
configure:5222: gcc -o conftest -g -O2   conftest.c -lpthread  >&5
configure:5222: $? = 0
configure:5222: result: yes
configure:5222: checking for strchr
configure:5222: gcc -o conftest -g -O2   conftest.c -lpthread  >&5
conftest.c:60:6: warning: conflicting types for built-in function 'strchr'
 char strchr ();
      ^
configure:5222: $? = 0
configure:5222: result: yes
configure:5343: checking that generated files are newer than configure
configure:5349: result: done
configure:5376: creating ./config.status

## ---------------------- ##
## Running config.status. ##
## ---------------------- ##

This file was extended by rserver config.status 1.1, which was
generated by GNU Autoconf 2.69.  Invocation command line was

  CONFIG_FILES    = 
  CONFIG_HEADERS  = 
  CONFIG_LINKS    = 
  CONFIG_COMMANDS = 
  $ ./config.status 

on runnet110

config.status:878: creating Makefile
config.status:878: creating module/Makefile
config.status:878: creating module/include/Makefile
config.status:878: creating module/src/Makefile
config.status:878: creating config.h
config.status:1107: executing depfiles commands

## ---------------- ##
## Cache variables. ##
## ---------------- ##

ac_cv_c_compiler_gnu=yes
ac_cv_c_int16_t=yes
ac_cv_c_int32_t=yes
ac_cv_c_int64_t=yes
ac_cv_c_int8_t=yes
ac_cv_c_uint16_t=yes
ac_cv_c_uint32_t=yes
ac_cv_c_uint64_t=yes
ac_cv_c_uint8_t=yes
ac_cv_cxx_compiler_gnu=yes
ac_cv_env_CCC_set=
ac_cv_env_CCC_value=
ac_cv_env_CC_set=
ac_cv_env_CC_value=
ac_cv_env_CFLAGS_set=
ac_cv_env_CFLAGS_value=
ac_cv_env_CPPFLAGS_set=
ac_cv_env_CPPFLAGS_value=
ac_cv_env_CPP_set=
ac_cv_env_CPP_value=
ac_cv_env_CXXFLAGS_set=
ac_cv_env_CXXFLAGS_value=
ac_cv_env_CXX_set=
ac_cv_env_CXX_value=
ac_cv_env_LDFLAGS_set=
ac_cv_env_LDFLAGS_value=
ac_cv_env_LIBS_set=
ac_cv_env_LIBS_value=
ac_cv_env_build_alias_set=
ac_cv_env_build_alias_value=
ac_cv_env_host_alias_set=
ac_cv_env_host_alias_value=
ac_cv_env_target_alias_set=
ac_cv_env_target_alias_value=
ac_cv_func_bzero=yes
ac_cv_func_malloc_0_nonnull=yes
ac_cv_func_memset=yes
ac_cv_func_mkdir=yes
ac_cv_func_socket=yes
ac_cv_func_strchr=yes
ac_cv_header_arpa_inet_h=yes
ac_cv_header_inttypes_h=yes
ac_cv_header_memory_h=yes
ac_cv_header_netdb_h=yes
ac_cv_header_netinet_in_h=yes
ac_cv_header_stdbool_h=yes
ac_cv_header_stdc=yes
ac_cv_header_stdint_h=yes
ac_cv_header_stdlib_h=yes
ac_cv_header_string_h=yes
ac_cv_header_strings_h=yes
ac_cv_header_sys_ioctl_h=yes
ac_cv_header_sys_socket_h=yes
ac_cv_header_sys_stat_h=yes
ac_cv_header_sys_types_h=yes
ac_cv_header_unistd_h=yes
ac_cv_lib_mysqlclient_main=no
ac_cv_lib_pthread_main=yes
ac_cv_objext=o
ac_cv_path_EGREP='/usr/bin/grep -E'
ac_cv_path_GREP=/usr/bin/grep
ac_cv_path_install='/usr/bin/install -c'
ac_cv_path_mkdir=/usr/bin/mkdir
ac_cv_prog_AWK=gawk
ac_cv_prog_CPP='gcc -E'
ac_cv_prog_ac_ct_CC=gcc
ac_cv_prog_ac_ct_CXX=g++
ac_cv_prog_cc_c89=
ac_cv_prog_cc_g=yes
ac_cv_prog_cxx_g=yes
ac_cv_prog_make_make_set=yes
ac_cv_type__Bool=yes
ac_cv_type_size_t=yes
am_cv_CC_dependencies_compiler_type=gcc3
am_cv_CXX_dependencies_compiler_type=gcc3
am_cv_make_support_nested_variables=yes
am_cv_prog_cc_c_o=yes

## ----------------- ##
## Output variables. ##
## ----------------- ##

ACLOCAL='${SHELL} /home/zlei/rserver-c/missing aclocal-1.15'
AMDEPBACKSLASH='\'
AMDEP_FALSE='#'
AMDEP_TRUE=''
AMTAR='$${TAR-tar}'
AM_BACKSLASH='\'
AM_DEFAULT_V='$(AM_DEFAULT_VERBOSITY)'
AM_DEFAULT_VERBOSITY='1'
AM_V='$(V)'
AUTOCONF='${SHELL} /home/zlei/rserver-c/missing autoconf'
AUTOHEADER='${SHELL} /home/zlei/rserver-c/missing autoheader'
AUTOMAKE='${SHELL} /home/zlei/rserver-c/missing automake-1.15'
AWK='gawk'
CC='gcc'
CCDEPMODE='depmode=gcc3'
CFLAGS='-g -O2'
CPP='gcc -E'
CPPFLAGS=''
CXX='g++'
CXXDEPMODE='depmode=gcc3'
CXXFLAGS='-g -O2'
CYGPATH_W='echo'
DEFS='-DHAVE_CONFIG_H'
DEPDIR='.deps'
ECHO_C=''
ECHO_N='-n'
ECHO_T=''
EGREP='/usr/bin/grep -E'
EXEEXT=''
GREP='/usr/bin/grep'
INSTALL_DATA='${INSTALL} -m 644'
INSTALL_PROGRAM='${INSTALL}'
INSTALL_SCRIPT='${INSTALL}'
INSTALL_STRIP_PROGRAM='$(install_sh) -c -s'
LDFLAGS=''
LIBOBJS=''
LIBS='-lpthread '
LTLIBOBJS=''
MAKEINFO='${SHELL} /home/zlei/rserver-c/missing makeinfo'
MKDIR_P='/usr/bin/mkdir -p'
OBJEXT='o'
PACKAGE='rserver'
PACKAGE_BUGREPORT='leizhifesker@gmail.com'
PACKAGE_NAME='rserver'
PACKAGE_STRING='rserver 1.1'
PACKAGE_TARNAME='rserver'
PACKAGE_URL=''
PACKAGE_VERSION='1.1'
PATH_SEPARATOR=':'
SET_MAKE=''
SHELL='/bin/sh'
STRIP=''
VERSION='1.1'
ac_ct_CC='gcc'
ac_ct_CXX='g++'
am__EXEEXT_FALSE=''
am__EXEEXT_TRUE='#'
am__fastdepCC_FALSE='#'
am__fastdepCC_TRUE=''
am__fastdepCXX_FALSE='#'
am__fastdepCXX_TRUE=''
am__include='include'
am__isrc=''
am__leading_dot='.'
am__nodep='_no'
am__quote=''
am__tar='$${TAR-tar} chof - "$$tardir"'
am__untar='$${TAR-tar} xf -'
bindir='${exec_prefix}/bin'
build_alias=''
datadir='${datarootdir}'
datarootdir='${prefix}/share'
docdir='${datarootdir}/doc/${PACKAGE_TARNAME}'
dvidir='${docdir}'
exec_prefix='${prefix}'
host_alias=''
htmldir='${docdir}'
includedir='${prefix}/include'
infodir='${datarootdir}/info'
install_sh='${SHELL} /home/zlei/rserver-c/install-sh'
libdir='${exec_prefix}/lib'
libexecdir='${exec_prefix}/libexec'
localedir='${datarootdir}/locale'
localstatedir='${prefix}/var'
mandir='${datarootdir}/man'
mkdir_p='$(MKDIR_P)'
oldincludedir='/usr/include'
pdfdir='${docdir}'
prefix='/usr/local'
program_transform_name='s,x,x,'
psdir='${docdir}'
sbindir='${exec_prefix}/sbin'
sharedstatedir='${prefix}/com'
sysconfdir='${prefix}/etc'
target_alias=''

## ----------- ##
## confdefs.h. ##
## ----------- ##

/* confdefs.h */
#define PACKAGE_NAME "rserver"
#define PACKAGE_TARNAME "rserver"
#define PACKAGE_VERSION "1.1"
#define PACKAGE_STRING "rserver 1.1"
#define PACKAGE_BUGREPORT "leizhifesker@gmail.com"
#define PACKAGE_URL ""
#define PACKAGE "rserver"
#define VERSION "1.1"
#define HAVE_LIBPTHREAD 1
#define STDC_HEADERS 1
#define HAVE_SYS_TYPES_H 1
#define HAVE_SYS_STAT_H 1
#define HAVE_STDLIB_H 1
#define HAVE_STRING_H 1
#define HAVE_MEMORY_H 1
#define HAVE_STRINGS_H 1
#define HAVE_INTTYPES_H 1
#define HAVE_STDINT_H 1
#define HAVE_UNISTD_H 1
#define HAVE_ARPA_INET_H 1
#define HAVE_NETDB_H 1
#define HAVE_NETINET_IN_H 1
#define HAVE_STDLIB_H 1
#define HAVE_STRING_H 1
#define HAVE_SYS_IOCTL_H 1
#define HAVE_SYS_SOCKET_H 1
#define HAVE_UNISTD_H 1
#define HAVE__BOOL 1
#define HAVE_STDLIB_H 1
#define HAVE_MALLOC 1
#define HAVE_BZERO 1
#define HAVE_MEMSET 1
#define HAVE_MKDIR 1
#define HAVE_SOCKET 1
#define HAVE_STRCHR 1

configure: exit 0

## ---------------------- ##
## Running config.status. ##
## ---------------------- ##

This file was extended by rserver config.status 1.1, which was
generated by GNU Autoconf 2.69.  Invocation command line was

  CONFIG_FILES    = 
  CONFIG_HEADERS  = 
  CONFIG_LINKS    = 
  CONFIG_COMMANDS = 
  $ ./config.status module/src/Makefile depfiles

on runnet110

config.status:878: creating module/src/Makefile
config.status:1107: executing depfiles commands

## ---------------------- ##
## Running config.status. ##
## ---------------------- ##

This file was extended by rserver config.status 1.1, which was
generated by GNU Autoconf 2.69.  Invocation command line was

  CONFIG_FILES    = 
  CONFIG_HEADERS  = 
  CONFIG_LINKS    = 
  CONFIG_COMMANDS = 
  $ ./config.status module/src/Makefile depfiles

on runnet110

config.status:878: creating module/src/Makefile
config.status:1107: executing depfiles commands

## ---------------------- ##
## Running config.status. ##
## ---------------------- ##

This file was extended by rserver config.status 1.1, which was
generated by GNU Autoconf 2.69.  Invocation command line was

  CONFIG_FILES    = 
  CONFIG_HEADERS  = 
  CONFIG_LINKS    = 
  CONFIG_COMMANDS = 
  $ ./config.status module/src/Makefile depfiles

on runnet110

config.status:878: creating module/src/Makefile
config.status:1107: executing depfiles commands

## ---------------------- ##
## Running config.status. ##
## ---------------------- ##

This file was extended by rserver config.status 1.1, which was
generated by GNU Autoconf 2.69.  Invocation command line was

  CONFIG_FILES    = 
  CONFIG_HEADERS  = 
  CONFIG_LINKS    = 
  CONFIG_COMMANDS = 
  $ ./config.status module/src/Makefile depfiles

on runnet110

config.status:878: creating module/src/Makefile
config.status:1107: executing depfiles commands
